<?xml version="1.0" encoding="UTF-8"?>
<!-- Generated by org.testng.reporters.JUnitXMLReporter -->
<testsuite ignored="0" hostname="ACER" failures="0" tests="10" name="OpencartTest" time="98.2" errors="0" timestamp="2023-12-13T11:19:18 IST">
  <testcase classname="testCases.TC_001_AccountRegistrationTest" name="test_account_Registration" time="1.777"/>
  <testcase classname="testCases.TC_002_LoginTest" name="test_login" time="2.14"/>
  <testcase classname="testCases.TC_004_SearchProductTest" name="test_pruductSearch" time="0.92"/>
  <testcase classname="testCases.TC_005_AddToCartPageTest" name="test_addToCart" time="1.715"/>
  <testcase classname="testCases.TC_006_EndToEndTest" name="endToendTest" time="35.91"/>
  <testcase classname="testCases.TC_003_LoginDDT" name="test_loginDDT" time="1.678"/>
  <testcase classname="testCases.TC_003_LoginDDT" name="test_loginDDT" time="10.566"/>
  <testcase classname="testCases.TC_003_LoginDDT" name="test_loginDDT" time="10.673"/>
  <testcase classname="testCases.TC_003_LoginDDT" name="test_loginDDT" time="10.683"/>
  <testcase classname="testCases.TC_003_LoginDDT" name="test_loginDDT" time="1.577"/>
</testsuite> <!-- OpencartTest -->
