<?xml version="1.0" encoding="UTF-8"?>
<testsuite xmlns:xsi="http://www.w3.org/2001/XMLSchema-instance" xsi:noNamespaceSchemaLocation="https://maven.apache.org/surefire/maven-surefire-plugin/xsd/surefire-test-report-3.0.xsd" version="3.0" name="TestSuite" time="87.404" tests="10" errors="0" skipped="0" failures="0">
  <properties>
[...]
</properties>
  <testcase name="test_account_Registration" classname="testCases.TC_001_AccountRegistrationTest" time="1.496">
    <system-err><![CDATA[SLF4J: Failed to load class "org.slf4j.impl.StaticLoggerBinder".
SLF4J: Defaulting to no-operation (NOP) logger implementation
SLF4J: See http://www.slf4j.org/codes.html#StaticLoggerBinder for further details.
Oct 05, 2023 5:11:57 PM org.openqa.selenium.manager.SeleniumManager lambda$runCommand$1
INFO: Driver path: C:\Users\Abhishek\.cache\selenium\chromedriver\win64\117.0.5938.149\chromedriver.exe
Oct 05, 2023 5:11:57 PM org.openqa.selenium.manager.SeleniumManager lambda$runCommand$1
INFO: Browser path: C:\Program Files\Google\Chrome\Application\chrome.exe
Oct 05, 2023 5:11:59 PM org.openqa.selenium.devtools.CdpVersionFinder findNearestMatch
WARNING: Unable to find an exact match for CDP version 117, so returning the closest version found: 116
]]></system-err>
  </testcase>
  <testcase name="test_login" classname="testCases.TC_002_LoginTest" time="0.963">
    <system-err><![CDATA[Oct 05, 2023 5:12:01 PM org.openqa.selenium.manager.SeleniumManager lambda$runCommand$1
INFO: Driver path: C:\Users\Abhishek\.cache\selenium\chromedriver\win64\117.0.5938.149\chromedriver.exe
Oct 05, 2023 5:12:01 PM org.openqa.selenium.manager.SeleniumManager lambda$runCommand$1
INFO: Browser path: C:\Program Files\Google\Chrome\Application\chrome.exe
Oct 05, 2023 5:12:02 PM org.openqa.selenium.devtools.CdpVersionFinder findNearestMatch
WARNING: Unable to find an exact match for CDP version 117, so returning the closest version found: 116
]]></system-err>
  </testcase>
  <testcase name="test_pruductSearch" classname="testCases.TC_004_SearchProductTest" time="0.707">
    <system-err><![CDATA[Oct 05, 2023 5:12:04 PM org.openqa.selenium.manager.SeleniumManager lambda$runCommand$1
INFO: Driver path: C:\Users\Abhishek\.cache\selenium\chromedriver\win64\117.0.5938.149\chromedriver.exe
Oct 05, 2023 5:12:04 PM org.openqa.selenium.manager.SeleniumManager lambda$runCommand$1
INFO: Browser path: C:\Program Files\Google\Chrome\Application\chrome.exe
Oct 05, 2023 5:12:05 PM org.openqa.selenium.devtools.CdpVersionFinder findNearestMatch
WARNING: Unable to find an exact match for CDP version 117, so returning the closest version found: 116
]]></system-err>
  </testcase>
  <testcase name="test_addToCart" classname="testCases.TC_005_AddToCartPageTest" time="1.227">
    <system-err><![CDATA[Oct 05, 2023 5:12:07 PM org.openqa.selenium.manager.SeleniumManager lambda$runCommand$1
INFO: Driver path: C:\Users\Abhishek\.cache\selenium\chromedriver\win64\117.0.5938.149\chromedriver.exe
Oct 05, 2023 5:12:07 PM org.openqa.selenium.manager.SeleniumManager lambda$runCommand$1
INFO: Browser path: C:\Program Files\Google\Chrome\Application\chrome.exe
Oct 05, 2023 5:12:07 PM org.openqa.selenium.devtools.CdpVersionFinder findNearestMatch
WARNING: Unable to find an exact match for CDP version 117, so returning the closest version found: 116
]]></system-err>
  </testcase>
  <testcase name="endToendTest" classname="testCases.TC_006_EndToEndTest" time="34.599">
    <system-out><![CDATA[Your Account Has Been Created!
Going to My Account Page? true
Added product to cart ? true
total price is shopping cart: $246.40
total price in confirmed order page:$207.00
]]></system-out>
    <system-err><![CDATA[Oct 05, 2023 5:12:10 PM org.openqa.selenium.manager.SeleniumManager lambda$runCommand$1
INFO: Driver path: C:\Users\Abhishek\.cache\selenium\chromedriver\win64\117.0.5938.149\chromedriver.exe
Oct 05, 2023 5:12:10 PM org.openqa.selenium.manager.SeleniumManager lambda$runCommand$1
INFO: Browser path: C:\Program Files\Google\Chrome\Application\chrome.exe
Oct 05, 2023 5:12:10 PM org.openqa.selenium.devtools.CdpVersionFinder findNearestMatch
WARNING: Unable to find an exact match for CDP version 117, so returning the closest version found: 116
]]></system-err>
  </testcase>
  <testcase name="test_loginDDT[pavanoltraining@gmail.com, test@123, Valid](1)" classname="testCases.TC_003_LoginDDT" time="1.276">
    <system-err><![CDATA[Oct 05, 2023 5:12:46 PM org.openqa.selenium.manager.SeleniumManager lambda$runCommand$1
INFO: Driver path: C:\Users\Abhishek\.cache\selenium\chromedriver\win64\117.0.5938.149\chromedriver.exe
Oct 05, 2023 5:12:46 PM org.openqa.selenium.manager.SeleniumManager lambda$runCommand$1
INFO: Browser path: C:\Program Files\Google\Chrome\Application\chrome.exe
Oct 05, 2023 5:12:47 PM org.openqa.selenium.devtools.CdpVersionFinder findNearestMatch
WARNING: Unable to find an exact match for CDP version 117, so returning the closest version found: 116
]]></system-err>
  </testcase>
  <testcase name="test_loginDDT[lakshmi@yahoo.com, Laxmi, Invalid](2)" classname="testCases.TC_003_LoginDDT" time="10.534"/>
  <testcase name="test_loginDDT[laksh@yahoo.com, Lakshmi, Invalid](3)" classname="testCases.TC_003_LoginDDT" time="10.508"/>
  <testcase name="test_loginDDT[laks@yahoo.com, xyz, Invalid](4)" classname="testCases.TC_003_LoginDDT" time="10.563"/>
  <testcase name="test_loginDDT[abc123@gmail.com, test@123, Valid](5)" classname="testCases.TC_003_LoginDDT" time="1.096"/>
</testsuite>