<?xml version="1.0" encoding="UTF-8"?>
<testsuite xmlns:xsi="http://www.w3.org/2001/XMLSchema-instance" xsi:noNamespaceSchemaLocation="https://maven.apache.org/surefire/maven-surefire-plugin/xsd/surefire-test-report-3.0.xsd" version="3.0" name="TestSuite" time="104.079" tests="14" errors="0" skipped="4" failures="2">
  <properties>
[...]
</properties>
  <testcase name="setup[chrome](0)" classname="testCases.TC_001_AccountRegistrationTest" time="9.943">
    <failure message="unknown error: net::ERR_CONNECTION_REFUSED&#10;  (Session info: chrome=120.0.6099.72)&#10;Build info: version: &apos;4.12.0&apos;, revision: &apos;249f2a7d1b*&apos;&#10;System info: os.name: &apos;Windows 11&apos;, os.arch: &apos;amd64&apos;, os.version: &apos;10.0&apos;, java.version: &apos;17.0.7&apos;&#10;Driver info: org.openqa.selenium.chrome.ChromeDriver&#10;Command: [192e1b859c9dd61a4fb8d4885d860064, get {url=http://localhost/opencart/upload/}]&#10;Capabilities {acceptInsecureCerts: false, browserName: chrome, browserVersion: 120.0.6099.72, chrome: {chromedriverVersion: 120.0.6099.109 (3419140ab66..., userDataDir: C:\Users\Abhishek\AppData\L...}, fedcm:accounts: true, goog:chromeOptions: {debuggerAddress: localhost:64176}, networkConnectionEnabled: false, pageLoadStrategy: normal, platformName: windows, proxy: Proxy(), se:cdp: ws://localhost:64176/devtoo..., se:cdpVersion: 120.0.6099.72, setWindowRect: true, strictFileInteractability: false, timeouts: {implicit: 0, pageLoad: 300000, script: 30000}, unhandledPromptBehavior: dismiss and notify, webauthn:extension:credBlob: true, webauthn:extension:largeBlob: true, webauthn:extension:minPinLength: true, webauthn:extension:prf: true, webauthn:virtualAuthenticators: true}&#10;Session ID: 192e1b859c9dd61a4fb8d4885d860064" type="org.openqa.selenium.WebDriverException"><![CDATA[org.openqa.selenium.WebDriverException: 
unknown error: net::ERR_CONNECTION_REFUSED
  (Session info: chrome=120.0.6099.72)
Build info: version: '4.12.0', revision: '249f2a7d1b*'
System info: os.name: 'Windows 11', os.arch: 'amd64', os.version: '10.0', java.version: '17.0.7'
Driver info: org.openqa.selenium.chrome.ChromeDriver
Command: [192e1b859c9dd61a4fb8d4885d860064, get {url=http://localhost/opencart/upload/}]
Capabilities {acceptInsecureCerts: false, browserName: chrome, browserVersion: 120.0.6099.72, chrome: {chromedriverVersion: 120.0.6099.109 (3419140ab66..., userDataDir: C:\Users\Abhishek\AppData\L...}, fedcm:accounts: true, goog:chromeOptions: {debuggerAddress: localhost:64176}, networkConnectionEnabled: false, pageLoadStrategy: normal, platformName: windows, proxy: Proxy(), se:cdp: ws://localhost:64176/devtoo..., se:cdpVersion: 120.0.6099.72, setWindowRect: true, strictFileInteractability: false, timeouts: {implicit: 0, pageLoad: 300000, script: 30000}, unhandledPromptBehavior: dismiss and notify, webauthn:extension:credBlob: true, webauthn:extension:largeBlob: true, webauthn:extension:minPinLength: true, webauthn:extension:prf: true, webauthn:virtualAuthenticators: true}
Session ID: 192e1b859c9dd61a4fb8d4885d860064
	at java.base/jdk.internal.reflect.NativeConstructorAccessorImpl.newInstance0(Native Method)
	at java.base/jdk.internal.reflect.NativeConstructorAccessorImpl.newInstance(NativeConstructorAccessorImpl.java:77)
	at java.base/jdk.internal.reflect.DelegatingConstructorAccessorImpl.newInstance(DelegatingConstructorAccessorImpl.java:45)
	at java.base/java.lang.reflect.Constructor.newInstanceWithCaller(Constructor.java:499)
	at java.base/java.lang.reflect.Constructor.newInstance(Constructor.java:480)
	at org.openqa.selenium.remote.codec.w3c.W3CHttpResponseCodec.createException(W3CHttpResponseCodec.java:200)
	at org.openqa.selenium.remote.codec.w3c.W3CHttpResponseCodec.decode(W3CHttpResponseCodec.java:133)
	at org.openqa.selenium.remote.codec.w3c.W3CHttpResponseCodec.decode(W3CHttpResponseCodec.java:52)
	at org.openqa.selenium.remote.HttpCommandExecutor.execute(HttpCommandExecutor.java:191)
	at org.openqa.selenium.remote.service.DriverCommandExecutor.invokeExecute(DriverCommandExecutor.java:196)
	at org.openqa.selenium.remote.service.DriverCommandExecutor.execute(DriverCommandExecutor.java:171)
	at org.openqa.selenium.remote.RemoteWebDriver.execute(RemoteWebDriver.java:602)
	at org.openqa.selenium.remote.RemoteWebDriver.get(RemoteWebDriver.java:304)
	at testBase.BaseClass.setup(BaseClass.java:60)
	at java.base/jdk.internal.reflect.NativeMethodAccessorImpl.invoke0(Native Method)
	at java.base/jdk.internal.reflect.NativeMethodAccessorImpl.invoke(NativeMethodAccessorImpl.java:77)
	at java.base/jdk.internal.reflect.DelegatingMethodAccessorImpl.invoke(DelegatingMethodAccessorImpl.java:43)
	at java.base/java.lang.reflect.Method.invoke(Method.java:568)
	at org.testng.internal.invokers.MethodInvocationHelper.invokeMethod(MethodInvocationHelper.java:139)
	at org.testng.internal.invokers.MethodInvocationHelper.invokeMethodConsideringTimeout(MethodInvocationHelper.java:69)
	at org.testng.internal.invokers.ConfigInvoker.invokeConfigurationMethod(ConfigInvoker.java:390)
	at org.testng.internal.invokers.ConfigInvoker.invokeConfigurations(ConfigInvoker.java:325)
	at org.testng.internal.invokers.TestMethodWorker.invokeBeforeClassMethods(TestMethodWorker.java:180)
	at org.testng.internal.invokers.TestMethodWorker.run(TestMethodWorker.java:122)
	at java.base/java.util.ArrayList.forEach(ArrayList.java:1511)
	at org.testng.TestRunner.privateRun(TestRunner.java:848)
	at org.testng.TestRunner.run(TestRunner.java:621)
	at org.testng.SuiteRunner.runTest(SuiteRunner.java:443)
	at org.testng.SuiteRunner.runSequentially(SuiteRunner.java:437)
	at org.testng.SuiteRunner.privateRun(SuiteRunner.java:397)
	at org.testng.SuiteRunner.run(SuiteRunner.java:336)
	at org.testng.SuiteRunnerWorker.runSuite(SuiteRunnerWorker.java:52)
	at org.testng.SuiteRunnerWorker.run(SuiteRunnerWorker.java:95)
	at org.testng.TestNG.runSuitesSequentially(TestNG.java:1280)
	at org.testng.TestNG.runSuitesLocally(TestNG.java:1200)
	at org.testng.TestNG.runSuites(TestNG.java:1114)
	at org.testng.TestNG.run(TestNG.java:1082)
	at org.apache.maven.surefire.testng.TestNGExecutor.run(TestNGExecutor.java:324)
	at org.apache.maven.surefire.testng.TestNGXmlTestSuite.execute(TestNGXmlTestSuite.java:74)
	at org.apache.maven.surefire.testng.TestNGProvider.invoke(TestNGProvider.java:123)
	at org.apache.maven.surefire.booter.ForkedBooter.runSuitesInProcess(ForkedBooter.java:456)
	at org.apache.maven.surefire.booter.ForkedBooter.execute(ForkedBooter.java:169)
	at org.apache.maven.surefire.booter.ForkedBooter.run(ForkedBooter.java:595)
	at org.apache.maven.surefire.booter.ForkedBooter.main(ForkedBooter.java:581)
]]></failure>
    <system-err><![CDATA[SLF4J: Failed to load class "org.slf4j.impl.StaticLoggerBinder".
SLF4J: Defaulting to no-operation (NOP) logger implementation
SLF4J: See http://www.slf4j.org/codes.html#StaticLoggerBinder for further details.
Dec 26, 2023 11:47:32 AM org.openqa.selenium.manager.SeleniumManager lambda$runCommand$1
INFO: Driver path: C:\Users\Abhishek\.cache\selenium\chromedriver\win64\120.0.6099.109\chromedriver.exe
Dec 26, 2023 11:47:32 AM org.openqa.selenium.manager.SeleniumManager lambda$runCommand$1
INFO: Browser path: C:\Program Files\Google\Chrome\Application\chrome.exe
Dec 26, 2023 11:47:34 AM org.openqa.selenium.devtools.CdpVersionFinder findNearestMatch
WARNING: Unable to find an exact match for CDP version 120, so returning the closest version found: 116
]]></system-err>
  </testcase>
  <testcase name="test_account_Registration" classname="testCases.TC_001_AccountRegistrationTest" time="0">
    <skipped message="unknown error: net::ERR_CONNECTION_REFUSED&#10;  (Session info: chrome=120.0.6099.72)&#10;Build info: version: &apos;4.12.0&apos;, revision: &apos;249f2a7d1b*&apos;&#10;System info: os.name: &apos;Windows 11&apos;, os.arch: &apos;amd64&apos;, os.version: &apos;10.0&apos;, java.version: &apos;17.0.7&apos;&#10;Driver info: org.openqa.selenium.chrome.ChromeDriver&#10;Command: [192e1b859c9dd61a4fb8d4885d860064, get {url=http://localhost/opencart/upload/}]&#10;Capabilities {acceptInsecureCerts: false, browserName: chrome, browserVersion: 120.0.6099.72, chrome: {chromedriverVersion: 120.0.6099.109 (3419140ab66..., userDataDir: C:\Users\Abhishek\AppData\L...}, fedcm:accounts: true, goog:chromeOptions: {debuggerAddress: localhost:64176}, networkConnectionEnabled: false, pageLoadStrategy: normal, platformName: windows, proxy: Proxy(), se:cdp: ws://localhost:64176/devtoo..., se:cdpVersion: 120.0.6099.72, setWindowRect: true, strictFileInteractability: false, timeouts: {implicit: 0, pageLoad: 300000, script: 30000}, unhandledPromptBehavior: dismiss and notify, webauthn:extension:credBlob: true, webauthn:extension:largeBlob: true, webauthn:extension:minPinLength: true, webauthn:extension:prf: true, webauthn:virtualAuthenticators: true}&#10;Session ID: 192e1b859c9dd61a4fb8d4885d860064"/>
  </testcase>
  <testcase name="tearDown" classname="testCases.TC_001_AccountRegistrationTest" time="0">
    <skipped/>
  </testcase>
  <testcase name="setup[chrome](0)" classname="testCases.TC_002_LoginTest" time="6.31">
    <failure message="unknown error: net::ERR_CONNECTION_REFUSED&#10;  (Session info: chrome=120.0.6099.72)&#10;Build info: version: &apos;4.12.0&apos;, revision: &apos;249f2a7d1b*&apos;&#10;System info: os.name: &apos;Windows 11&apos;, os.arch: &apos;amd64&apos;, os.version: &apos;10.0&apos;, java.version: &apos;17.0.7&apos;&#10;Driver info: org.openqa.selenium.chrome.ChromeDriver&#10;Command: [99845ac3840a53e1b099b755749a1c08, get {url=http://localhost/opencart/upload/}]&#10;Capabilities {acceptInsecureCerts: false, browserName: chrome, browserVersion: 120.0.6099.72, chrome: {chromedriverVersion: 120.0.6099.109 (3419140ab66..., userDataDir: C:\Users\Abhishek\AppData\L...}, fedcm:accounts: true, goog:chromeOptions: {debuggerAddress: localhost:64207}, networkConnectionEnabled: false, pageLoadStrategy: normal, platformName: windows, proxy: Proxy(), se:cdp: ws://localhost:64207/devtoo..., se:cdpVersion: 120.0.6099.72, setWindowRect: true, strictFileInteractability: false, timeouts: {implicit: 0, pageLoad: 300000, script: 30000}, unhandledPromptBehavior: dismiss and notify, webauthn:extension:credBlob: true, webauthn:extension:largeBlob: true, webauthn:extension:minPinLength: true, webauthn:extension:prf: true, webauthn:virtualAuthenticators: true}&#10;Session ID: 99845ac3840a53e1b099b755749a1c08" type="org.openqa.selenium.WebDriverException"><![CDATA[org.openqa.selenium.WebDriverException: 
unknown error: net::ERR_CONNECTION_REFUSED
  (Session info: chrome=120.0.6099.72)
Build info: version: '4.12.0', revision: '249f2a7d1b*'
System info: os.name: 'Windows 11', os.arch: 'amd64', os.version: '10.0', java.version: '17.0.7'
Driver info: org.openqa.selenium.chrome.ChromeDriver
Command: [99845ac3840a53e1b099b755749a1c08, get {url=http://localhost/opencart/upload/}]
Capabilities {acceptInsecureCerts: false, browserName: chrome, browserVersion: 120.0.6099.72, chrome: {chromedriverVersion: 120.0.6099.109 (3419140ab66..., userDataDir: C:\Users\Abhishek\AppData\L...}, fedcm:accounts: true, goog:chromeOptions: {debuggerAddress: localhost:64207}, networkConnectionEnabled: false, pageLoadStrategy: normal, platformName: windows, proxy: Proxy(), se:cdp: ws://localhost:64207/devtoo..., se:cdpVersion: 120.0.6099.72, setWindowRect: true, strictFileInteractability: false, timeouts: {implicit: 0, pageLoad: 300000, script: 30000}, unhandledPromptBehavior: dismiss and notify, webauthn:extension:credBlob: true, webauthn:extension:largeBlob: true, webauthn:extension:minPinLength: true, webauthn:extension:prf: true, webauthn:virtualAuthenticators: true}
Session ID: 99845ac3840a53e1b099b755749a1c08
	at java.base/jdk.internal.reflect.NativeConstructorAccessorImpl.newInstance0(Native Method)
	at java.base/jdk.internal.reflect.NativeConstructorAccessorImpl.newInstance(NativeConstructorAccessorImpl.java:77)
	at java.base/jdk.internal.reflect.DelegatingConstructorAccessorImpl.newInstance(DelegatingConstructorAccessorImpl.java:45)
	at java.base/java.lang.reflect.Constructor.newInstanceWithCaller(Constructor.java:499)
	at java.base/java.lang.reflect.Constructor.newInstance(Constructor.java:480)
	at org.openqa.selenium.remote.codec.w3c.W3CHttpResponseCodec.createException(W3CHttpResponseCodec.java:200)
	at org.openqa.selenium.remote.codec.w3c.W3CHttpResponseCodec.decode(W3CHttpResponseCodec.java:133)
	at org.openqa.selenium.remote.codec.w3c.W3CHttpResponseCodec.decode(W3CHttpResponseCodec.java:52)
	at org.openqa.selenium.remote.HttpCommandExecutor.execute(HttpCommandExecutor.java:191)
	at org.openqa.selenium.remote.service.DriverCommandExecutor.invokeExecute(DriverCommandExecutor.java:196)
	at org.openqa.selenium.remote.service.DriverCommandExecutor.execute(DriverCommandExecutor.java:171)
	at org.openqa.selenium.remote.RemoteWebDriver.execute(RemoteWebDriver.java:602)
	at org.openqa.selenium.remote.RemoteWebDriver.get(RemoteWebDriver.java:304)
	at testBase.BaseClass.setup(BaseClass.java:60)
	at java.base/jdk.internal.reflect.NativeMethodAccessorImpl.invoke0(Native Method)
	at java.base/jdk.internal.reflect.NativeMethodAccessorImpl.invoke(NativeMethodAccessorImpl.java:77)
	at java.base/jdk.internal.reflect.DelegatingMethodAccessorImpl.invoke(DelegatingMethodAccessorImpl.java:43)
	at java.base/java.lang.reflect.Method.invoke(Method.java:568)
	at org.testng.internal.invokers.MethodInvocationHelper.invokeMethod(MethodInvocationHelper.java:139)
	at org.testng.internal.invokers.MethodInvocationHelper.invokeMethodConsideringTimeout(MethodInvocationHelper.java:69)
	at org.testng.internal.invokers.ConfigInvoker.invokeConfigurationMethod(ConfigInvoker.java:390)
	at org.testng.internal.invokers.ConfigInvoker.invokeConfigurations(ConfigInvoker.java:325)
	at org.testng.internal.invokers.TestMethodWorker.invokeBeforeClassMethods(TestMethodWorker.java:180)
	at org.testng.internal.invokers.TestMethodWorker.run(TestMethodWorker.java:122)
	at java.base/java.util.ArrayList.forEach(ArrayList.java:1511)
	at org.testng.TestRunner.privateRun(TestRunner.java:848)
	at org.testng.TestRunner.run(TestRunner.java:621)
	at org.testng.SuiteRunner.runTest(SuiteRunner.java:443)
	at org.testng.SuiteRunner.runSequentially(SuiteRunner.java:437)
	at org.testng.SuiteRunner.privateRun(SuiteRunner.java:397)
	at org.testng.SuiteRunner.run(SuiteRunner.java:336)
	at org.testng.SuiteRunnerWorker.runSuite(SuiteRunnerWorker.java:52)
	at org.testng.SuiteRunnerWorker.run(SuiteRunnerWorker.java:95)
	at org.testng.TestNG.runSuitesSequentially(TestNG.java:1280)
	at org.testng.TestNG.runSuitesLocally(TestNG.java:1200)
	at org.testng.TestNG.runSuites(TestNG.java:1114)
	at org.testng.TestNG.run(TestNG.java:1082)
	at org.apache.maven.surefire.testng.TestNGExecutor.run(TestNGExecutor.java:324)
	at org.apache.maven.surefire.testng.TestNGXmlTestSuite.execute(TestNGXmlTestSuite.java:74)
	at org.apache.maven.surefire.testng.TestNGProvider.invoke(TestNGProvider.java:123)
	at org.apache.maven.surefire.booter.ForkedBooter.runSuitesInProcess(ForkedBooter.java:456)
	at org.apache.maven.surefire.booter.ForkedBooter.execute(ForkedBooter.java:169)
	at org.apache.maven.surefire.booter.ForkedBooter.run(ForkedBooter.java:595)
	at org.apache.maven.surefire.booter.ForkedBooter.main(ForkedBooter.java:581)
]]></failure>
    <system-err><![CDATA[Dec 26, 2023 11:47:39 AM org.openqa.selenium.manager.SeleniumManager lambda$runCommand$1
INFO: Driver path: C:\Users\Abhishek\.cache\selenium\chromedriver\win64\120.0.6099.109\chromedriver.exe
Dec 26, 2023 11:47:39 AM org.openqa.selenium.manager.SeleniumManager lambda$runCommand$1
INFO: Browser path: C:\Program Files\Google\Chrome\Application\chrome.exe
Dec 26, 2023 11:47:40 AM org.openqa.selenium.devtools.CdpVersionFinder findNearestMatch
WARNING: Unable to find an exact match for CDP version 120, so returning the closest version found: 116
]]></system-err>
  </testcase>
  <testcase name="test_login" classname="testCases.TC_002_LoginTest" time="0">
    <skipped message="unknown error: net::ERR_CONNECTION_REFUSED&#10;  (Session info: chrome=120.0.6099.72)&#10;Build info: version: &apos;4.12.0&apos;, revision: &apos;249f2a7d1b*&apos;&#10;System info: os.name: &apos;Windows 11&apos;, os.arch: &apos;amd64&apos;, os.version: &apos;10.0&apos;, java.version: &apos;17.0.7&apos;&#10;Driver info: org.openqa.selenium.chrome.ChromeDriver&#10;Command: [99845ac3840a53e1b099b755749a1c08, get {url=http://localhost/opencart/upload/}]&#10;Capabilities {acceptInsecureCerts: false, browserName: chrome, browserVersion: 120.0.6099.72, chrome: {chromedriverVersion: 120.0.6099.109 (3419140ab66..., userDataDir: C:\Users\Abhishek\AppData\L...}, fedcm:accounts: true, goog:chromeOptions: {debuggerAddress: localhost:64207}, networkConnectionEnabled: false, pageLoadStrategy: normal, platformName: windows, proxy: Proxy(), se:cdp: ws://localhost:64207/devtoo..., se:cdpVersion: 120.0.6099.72, setWindowRect: true, strictFileInteractability: false, timeouts: {implicit: 0, pageLoad: 300000, script: 30000}, unhandledPromptBehavior: dismiss and notify, webauthn:extension:credBlob: true, webauthn:extension:largeBlob: true, webauthn:extension:minPinLength: true, webauthn:extension:prf: true, webauthn:virtualAuthenticators: true}&#10;Session ID: 99845ac3840a53e1b099b755749a1c08"/>
  </testcase>
  <testcase name="tearDown" classname="testCases.TC_002_LoginTest" time="0">
    <skipped/>
  </testcase>
  <testcase name="test_pruductSearch" classname="testCases.TC_004_SearchProductTest" time="0.682">
    <system-err><![CDATA[Dec 26, 2023 11:47:46 AM org.openqa.selenium.manager.SeleniumManager lambda$runCommand$1
INFO: Driver path: C:\Users\Abhishek\.cache\selenium\chromedriver\win64\120.0.6099.109\chromedriver.exe
Dec 26, 2023 11:47:46 AM org.openqa.selenium.manager.SeleniumManager lambda$runCommand$1
INFO: Browser path: C:\Program Files\Google\Chrome\Application\chrome.exe
Dec 26, 2023 11:47:47 AM org.openqa.selenium.devtools.CdpVersionFinder findNearestMatch
WARNING: Unable to find an exact match for CDP version 120, so returning the closest version found: 116
]]></system-err>
  </testcase>
  <testcase name="test_addToCart" classname="testCases.TC_005_AddToCartPageTest" time="1.209">
    <system-err><![CDATA[Dec 26, 2023 11:47:52 AM org.openqa.selenium.manager.SeleniumManager lambda$runCommand$1
INFO: Driver path: C:\Users\Abhishek\.cache\selenium\chromedriver\win64\120.0.6099.109\chromedriver.exe
Dec 26, 2023 11:47:52 AM org.openqa.selenium.manager.SeleniumManager lambda$runCommand$1
INFO: Browser path: C:\Program Files\Google\Chrome\Application\chrome.exe
Dec 26, 2023 11:47:54 AM org.openqa.selenium.devtools.CdpVersionFinder findNearestMatch
WARNING: Unable to find an exact match for CDP version 120, so returning the closest version found: 116
]]></system-err>
  </testcase>
  <testcase name="endToendTest" classname="testCases.TC_006_EndToEndTest" time="34.242">
    <system-out><![CDATA[Your Account Has Been Created!
Going to My Account Page? true
Added product to cart ? true
total price is shopping cart: $246.40
total price in confirmed order page:$207.00
]]></system-out>
    <system-err><![CDATA[Dec 26, 2023 11:47:56 AM org.openqa.selenium.manager.SeleniumManager lambda$runCommand$1
INFO: Driver path: C:\Users\Abhishek\.cache\selenium\chromedriver\win64\120.0.6099.109\chromedriver.exe
Dec 26, 2023 11:47:56 AM org.openqa.selenium.manager.SeleniumManager lambda$runCommand$1
INFO: Browser path: C:\Program Files\Google\Chrome\Application\chrome.exe
Dec 26, 2023 11:47:57 AM org.openqa.selenium.devtools.CdpVersionFinder findNearestMatch
WARNING: Unable to find an exact match for CDP version 120, so returning the closest version found: 116
]]></system-err>
  </testcase>
  <testcase name="test_loginDDT[pavanoltraining@gmail.com, test@123, Valid](1)" classname="testCases.TC_003_LoginDDT" time="1.31">
    <system-err><![CDATA[Dec 26, 2023 11:48:33 AM org.openqa.selenium.manager.SeleniumManager lambda$runCommand$1
INFO: Driver path: C:\Users\Abhishek\.cache\selenium\chromedriver\win64\120.0.6099.109\chromedriver.exe
Dec 26, 2023 11:48:33 AM org.openqa.selenium.manager.SeleniumManager lambda$runCommand$1
INFO: Browser path: C:\Program Files\Google\Chrome\Application\chrome.exe
Dec 26, 2023 11:48:34 AM org.openqa.selenium.devtools.CdpVersionFinder findNearestMatch
WARNING: Unable to find an exact match for CDP version 120, so returning the closest version found: 116
]]></system-err>
  </testcase>
  <testcase name="test_loginDDT[lakshmi@yahoo.com, Laxmi, Invalid](2)" classname="testCases.TC_003_LoginDDT" time="10.833"/>
  <testcase name="test_loginDDT[laksh@yahoo.com, Lakshmi, Invalid](3)" classname="testCases.TC_003_LoginDDT" time="10.616"/>
  <testcase name="test_loginDDT[laks@yahoo.com, xyz, Invalid](4)" classname="testCases.TC_003_LoginDDT" time="10.558"/>
  <testcase name="test_loginDDT[abc123@gmail.com, test@123, Valid](5)" classname="testCases.TC_003_LoginDDT" time="1.048"/>
</testsuite>