<?xml version="1.0" encoding="UTF-8"?>
<!-- Generated by org.testng.reporters.JUnitXMLReporter -->
<testsuite ignored="0" hostname="PAVAN09FA" failures="0" tests="5" name="OpencartTest" time="67.097" errors="0" timestamp="2022-11-17T10:25:11 IST">
  <testcase classname="testCases.TC_001_AccountRegistrationTest" name="test_account_Registration" time="4.616"/>
  <testcase classname="testCases.TC_002_LoginTest" name="test_login" time="1.495"/>
  <testcase classname="testCases.TC_004_SearchProductTest" name="test_pruductSearch" time="1.045"/>
  <testcase classname="testCases.TC_005_AddToCartPageTest" name="test_addToCart" time="2.542"/>
  <testcase classname="testCases.TC_006_EndToEndTest" name="endToendTest" time="42.957"/>
</testsuite> <!-- OpencartTest -->
